{
  "RSpec": {
    "coverage": {
      "/home/Chris-Houghton/tic-tac-toe-rb-online-web-sp-000/lib/tic_tac_toe.rb": [
        1,
        24,
        24,
        24,
        24,
        24,
        null,
        null,
        null,
        1,
        null,
        null,
        null,
        null,
        null,
        null,
        null,
        null,
        null,
        1,
        23,
        null,
        null,
        1,
        22,
        null,
        null,
        1,
        195,
        null,
        null,
        1,
        0,
        0,
        0,
        0,
        null,
        null,
        null,
        1,
        23,
        null,
        null,
        1,
        20,
        20,
        20,
        20,
        19,
        19,
        null,
        1,
        null,
        null,
        null,
        1,
        21,
        21,
        189,
        31,
        null,
        null,
        21,
        null,
        null,
        1,
        20,
        14,
        null,
        6,
        null,
        null,
        null,
        1,
        84,
        523,
        523,
        523,
        null,
        523,
        523,
        523,
        null,
        523,
        39,
        null,
        null,
        45,
        null,
        null,
        1,
        285,
        null,
        null,
        1,
        29,
        7,
        22,
        20,
        2,
        2,
        null,
        null,
        null,
        null,
        1,
        21,
        null,
        null,
        1,
        26,
        11,
        null,
        null,
        null,
        1,
        12,
        17,
        null,
        12,
        5,
        7,
        7,
        null,
        null,
        null,
        null,
        null
      ]
    },
    "timestamp": 1601776340
  }
}
